Arguments: 
  /usr/local/Cellar/node@14/14.16.1/bin/node /usr/local/Cellar/yarn/1.22.10/libexec/bin/yarn.js add pino-pritty -D

PATH: 
  /usr/local/opt/node@14/bin:/usr/local/bin:/usr/bin:/bin:/usr/sbin:/sbin:/usr/local/opt/node@14/bin

Yarn version: 
  1.22.10

Node version: 
  14.16.1

Platform: 
  darwin x64

Trace: 
  Error: https://registry.yarnpkg.com/pino-pritty: Not found
      at Request.params.callback [as _callback] (/usr/local/Cellar/yarn/1.22.10/libexec/lib/cli.js:66988:18)
      at Request.self.callback (/usr/local/Cellar/yarn/1.22.10/libexec/lib/cli.js:140749:22)
      at Request.emit (events.js:315:20)
      at Request.<anonymous> (/usr/local/Cellar/yarn/1.22.10/libexec/lib/cli.js:141721:10)
      at Request.emit (events.js:315:20)
      at IncomingMessage.<anonymous> (/usr/local/Cellar/yarn/1.22.10/libexec/lib/cli.js:141643:12)
      at Object.onceWrapper (events.js:421:28)
      at IncomingMessage.emit (events.js:327:22)
      at endReadableNT (internal/streams/readable.js:1327:12)
      at processTicksAndRejections (internal/process/task_queues.js:80:21)

npm manifest: 
  {
    "name": "twitch_bot",
    "version": "1.0.0",
    "description": "",
    "main": "app.js",
    "scripts": {
      "start": "node --trace-warnings app.js"
    },
    "author": "",
    "license": "ISC",
    "dependencies": {
      "dotenv": "^8.2.0",
      "http": "^0.0.1-security",
      "pino": "^6.11.3",
      "pino-http": "^5.5.0",
      "tmi.js": "^1.8.2",
      "websocket": "^1.0.34"
    },
    "devDependencies": {
      "@types/tmi.js": "^1.7.1"
    }
  }

yarn manifest: 
  No manifest

Lockfile: 
  # THIS IS AN AUTOGENERATED FILE. DO NOT EDIT THIS FILE DIRECTLY.
  # yarn lockfile v1
  
  
  "@types/tmi.js@^1.7.1":
    version "1.7.1"
    resolved "https://registry.yarnpkg.com/@types/tmi.js/-/tmi.js-1.7.1.tgz#d45b1eb2506fa7e0e173cd3a1317c018f9ee7d1a"
    integrity sha512-sZ/4WlCFSKIp6sPwRMpBlSvARXMaBzIQuxLQL4v+Ymga3LiH+Xw6WuPN5odkNWDmjPVoLqSwEuCCVsFjM4c7Ug==
  
  atomic-sleep@^1.0.0:
    version "1.0.0"
    resolved "https://registry.yarnpkg.com/atomic-sleep/-/atomic-sleep-1.0.0.tgz#eb85b77a601fc932cfe432c5acd364a9e2c9075b"
    integrity sha512-kNOjDqAh7px0XWNI+4QbzoiR/nTkHAWNud2uvnJquD1/x5a7EQZMJT0AczqK0Qn67oY/TTQ1LbUKajZpp3I9tQ==
  
  bufferutil@^4.0.1:
    version "4.0.3"
    resolved "https://registry.yarnpkg.com/bufferutil/-/bufferutil-4.0.3.tgz#66724b756bed23cd7c28c4d306d7994f9943cc6b"
    integrity sha512-yEYTwGndELGvfXsImMBLop58eaGW+YdONi1fNjTINSY98tmMmFijBG6WXgdkfuLNt4imzQNtIE+eBp1PVpMCSw==
    dependencies:
      node-gyp-build "^4.2.0"
  
  d@1, d@^1.0.1:
    version "1.0.1"
    resolved "https://registry.yarnpkg.com/d/-/d-1.0.1.tgz#8698095372d58dbee346ffd0c7093f99f8f9eb5a"
    integrity sha512-m62ShEObQ39CfralilEQRjH6oAMtNCV1xJyEx5LpRYUVN+EviphDgUc/F3hnYbADmkiNs67Y+3ylmlG7Lnu+FA==
    dependencies:
      es5-ext "^0.10.50"
      type "^1.0.1"
  
  debug@^2.2.0:
    version "2.6.9"
    resolved "https://registry.yarnpkg.com/debug/-/debug-2.6.9.tgz#5d128515df134ff327e90a4c93f4e077a536341f"
    integrity sha512-bC7ElrdJaJnPbAP+1EotYvqZsb3ecl5wi6Bfi6BJTUcNowp6cvspg0jXznRTKDjm/E7AdgFBVeAPVMNcKGsHMA==
    dependencies:
      ms "2.0.0"
  
  dotenv@^8.2.0:
    version "8.2.0"
    resolved "https://registry.yarnpkg.com/dotenv/-/dotenv-8.2.0.tgz#97e619259ada750eea3e4ea3e26bceea5424b16a"
    integrity sha512-8sJ78ElpbDJBHNeBzUbUVLsqKdccaa/BXF1uPTw3GrvQTBgrQrtObr2mUrE38vzYd8cEv+m/JBfDLioYcfXoaw==
  
  es5-ext@^0.10.35, es5-ext@^0.10.50:
    version "0.10.53"
    resolved "https://registry.yarnpkg.com/es5-ext/-/es5-ext-0.10.53.tgz#93c5a3acfdbef275220ad72644ad02ee18368de1"
    integrity sha512-Xs2Stw6NiNHWypzRTY1MtaG/uJlwCk8kH81920ma8mvN8Xq1gsfhZvpkImLQArw8AHnv8MT2I45J3c0R8slE+Q==
    dependencies:
      es6-iterator "~2.0.3"
      es6-symbol "~3.1.3"
      next-tick "~1.0.0"
  
  es6-iterator@~2.0.3:
    version "2.0.3"
    resolved "https://registry.yarnpkg.com/es6-iterator/-/es6-iterator-2.0.3.tgz#a7de889141a05a94b0854403b2d0a0fbfa98f3b7"
    integrity sha1-p96IkUGgWpSwhUQDstCg+/qY87c=
    dependencies:
      d "1"
      es5-ext "^0.10.35"
      es6-symbol "^3.1.1"
  
  es6-symbol@^3.1.1, es6-symbol@~3.1.3:
    version "3.1.3"
    resolved "https://registry.yarnpkg.com/es6-symbol/-/es6-symbol-3.1.3.tgz#bad5d3c1bcdac28269f4cb331e431c78ac705d18"
    integrity sha512-NJ6Yn3FuDinBaBRWl/q5X/s4koRHBrgKAu+yGI6JCBeiu3qrcbJhwT2GeR/EXVfylRk8dpQVJoLEFhK+Mu31NA==
    dependencies:
      d "^1.0.1"
      ext "^1.1.2"
  
  ext@^1.1.2:
    version "1.4.0"
    resolved "https://registry.yarnpkg.com/ext/-/ext-1.4.0.tgz#89ae7a07158f79d35517882904324077e4379244"
    integrity sha512-Key5NIsUxdqKg3vIsdw9dSuXpPCQ297y6wBjL30edxwPgt2E44WcWBZey/ZvUc6sERLTxKdyCu4gZFmUbk1Q7A==
    dependencies:
      type "^2.0.0"
  
  fast-redact@^3.0.0:
    version "3.0.1"
    resolved "https://registry.yarnpkg.com/fast-redact/-/fast-redact-3.0.1.tgz#d6015b971e933d03529b01333ba7f22c29961e92"
    integrity sha512-kYpn4Y/valC9MdrISg47tZOpYBNoTXKgT9GYXFpHN/jYFs+lFkPoisY+LcBODdKVMY96ATzvzsWv+ES/4Kmufw==
  
  fast-safe-stringify@^2.0.7:
    version "2.0.7"
    resolved "https://registry.yarnpkg.com/fast-safe-stringify/-/fast-safe-stringify-2.0.7.tgz#124aa885899261f68aedb42a7c080de9da608743"
    integrity sha512-Utm6CdzT+6xsDk2m8S6uL8VHxNwI6Jub+e9NYTcAms28T84pTa25GJQV9j0CY0N1rM8hK4x6grpF2BQf+2qwVA==
  
  fast-url-parser@^1.1.3:
    version "1.1.3"
    resolved "https://registry.yarnpkg.com/fast-url-parser/-/fast-url-parser-1.1.3.tgz#f4af3ea9f34d8a271cf58ad2b3759f431f0b318d"
    integrity sha1-9K8+qfNNiicc9YrSs3WfQx8LMY0=
    dependencies:
      punycode "^1.3.2"
  
  flatstr@^1.0.12:
    version "1.0.12"
    resolved "https://registry.yarnpkg.com/flatstr/-/flatstr-1.0.12.tgz#c2ba6a08173edbb6c9640e3055b95e287ceb5931"
    integrity sha512-4zPxDyhCyiN2wIAtSLI6gc82/EjqZc1onI4Mz/l0pWrAlsSfYH/2ZIcU+e3oA2wDwbzIWNKwa23F8rh6+DRWkw==
  
  http@^0.0.1-security:
    version "0.0.1-security"
    resolved "https://registry.yarnpkg.com/http/-/http-0.0.1-security.tgz#3aac09129d12dc2747bbce4157afde20ad1f7995"
    integrity sha512-RnDvP10Ty9FxqOtPZuxtebw1j4L/WiqNMDtuc1YMH1XQm5TgDRaR1G9u8upL6KD1bXHSp9eSXo/ED+8Q7FAr+g==
  
  is-typedarray@^1.0.0:
    version "1.0.0"
    resolved "https://registry.yarnpkg.com/is-typedarray/-/is-typedarray-1.0.0.tgz#e479c80858df0c1b11ddda6940f96011fcda4a9a"
    integrity sha1-5HnICFjfDBsR3dppQPlgEfzaSpo=
  
  ms@2.0.0:
    version "2.0.0"
    resolved "https://registry.yarnpkg.com/ms/-/ms-2.0.0.tgz#5608aeadfc00be6c2901df5f9861788de0d597c8"
    integrity sha1-VgiurfwAvmwpAd9fmGF4jeDVl8g=
  
  next-tick@~1.0.0:
    version "1.0.0"
    resolved "https://registry.yarnpkg.com/next-tick/-/next-tick-1.0.0.tgz#ca86d1fe8828169b0120208e3dc8424b9db8342c"
    integrity sha1-yobR/ogoFpsBICCOPchCS524NCw=
  
  node-fetch@^2.6.1:
    version "2.6.1"
    resolved "https://registry.yarnpkg.com/node-fetch/-/node-fetch-2.6.1.tgz#045bd323631f76ed2e2b55573394416b639a0052"
    integrity sha512-V4aYg89jEoVRxRb2fJdAg8FHvI7cEyYdVAh94HH0UIK8oJxUfkjlDQN9RbMx+bEjP7+ggMiFRprSti032Oipxw==
  
  node-gyp-build@^4.2.0:
    version "4.2.3"
    resolved "https://registry.yarnpkg.com/node-gyp-build/-/node-gyp-build-4.2.3.tgz#ce6277f853835f718829efb47db20f3e4d9c4739"
    integrity sha512-MN6ZpzmfNCRM+3t57PTJHgHyw/h4OWnZ6mR8P5j/uZtqQr46RRuDE/P+g3n0YR/AiYXeWixZZzaip77gdICfRg==
  
  pino-http@^5.5.0:
    version "5.5.0"
    resolved "https://registry.yarnpkg.com/pino-http/-/pino-http-5.5.0.tgz#b91e02714cc40b13fc3d82222fc1a96f0c99d6ea"
    integrity sha512-ZXhWeYhUisf9oZdS54XaBTrNVzZ7p61/sw0RpwCdU1vI/qdGWvSG4QUA5qU5Y5ya47ch3kM3HTcZf/QB5SCtNw==
    dependencies:
      fast-url-parser "^1.1.3"
      pino "^6.0.0"
      pino-std-serializers "^2.4.0"
  
  pino-std-serializers@^2.4.0:
    version "2.5.0"
    resolved "https://registry.yarnpkg.com/pino-std-serializers/-/pino-std-serializers-2.5.0.tgz#40ead781c65a0ce7ecd9c1c33f409d31fe712315"
    integrity sha512-wXqbqSrIhE58TdrxxlfLwU9eDhrzppQDvGhBEr1gYbzzM4KKo3Y63gSjiDXRKLVS2UOXdPNR2v+KnQgNrs+xUg==
  
  pino-std-serializers@^3.1.0:
    version "3.2.0"
    resolved "https://registry.yarnpkg.com/pino-std-serializers/-/pino-std-serializers-3.2.0.tgz#b56487c402d882eb96cd67c257868016b61ad671"
    integrity sha512-EqX4pwDPrt3MuOAAUBMU0Tk5kR/YcCM5fNPEzgCO2zJ5HfX0vbiH9HbJglnyeQsN96Kznae6MWD47pZB5avTrg==
  
  pino@^6.0.0, pino@^6.11.3:
    version "6.11.3"
    resolved "https://registry.yarnpkg.com/pino/-/pino-6.11.3.tgz#0c02eec6029d25e6794fdb6bbea367247d74bc29"
    integrity sha512-drPtqkkSf0ufx2gaea3TryFiBHdNIdXKf5LN0hTM82SXI4xVIve2wLwNg92e1MT6m3jASLu6VO7eGY6+mmGeyw==
    dependencies:
      fast-redact "^3.0.0"
      fast-safe-stringify "^2.0.7"
      flatstr "^1.0.12"
      pino-std-serializers "^3.1.0"
      quick-format-unescaped "^4.0.3"
      sonic-boom "^1.0.2"
  
  punycode@^1.3.2:
    version "1.4.1"
    resolved "https://registry.yarnpkg.com/punycode/-/punycode-1.4.1.tgz#c0d5a63b2718800ad8e1eb0fa5269c84dd41845e"
    integrity sha1-wNWmOycYgArY4esPpSachN1BhF4=
  
  quick-format-unescaped@^4.0.3:
    version "4.0.3"
    resolved "https://registry.yarnpkg.com/quick-format-unescaped/-/quick-format-unescaped-4.0.3.tgz#6d6b66b8207aa2b35eef12be1421bb24c428f652"
    integrity sha512-MaL/oqh02mhEo5m5J2rwsVL23Iw2PEaGVHgT2vFt8AAsr0lfvQA5dpXo9TPu0rz7tSBdUPgkbam0j/fj5ZM8yg==
  
  sonic-boom@^1.0.2:
    version "1.4.1"
    resolved "https://registry.yarnpkg.com/sonic-boom/-/sonic-boom-1.4.1.tgz#d35d6a74076624f12e6f917ade7b9d75e918f53e"
    integrity sha512-LRHh/A8tpW7ru89lrlkU4AszXt1dbwSjVWguGrmlxE7tawVmDBlI1PILMkXAxJTwqhgsEeTHzj36D5CmHgQmNg==
    dependencies:
      atomic-sleep "^1.0.0"
      flatstr "^1.0.12"
  
  tmi.js@^1.8.2:
    version "1.8.3"
    resolved "https://registry.yarnpkg.com/tmi.js/-/tmi.js-1.8.3.tgz#1a4e30c845442505e6f673d0da8740bbd39c4ed6"
    integrity sha512-1YAO3hwnkpAbUfVlpxcqOHP4Nun/+TqxWE/e/ZKMB6p40ZKczhI03oZW2Qx3pppqWjXz5kSjHdT/vTTfi2gCGQ==
    dependencies:
      node-fetch "^2.6.1"
      ws "^7.4.3"
  
  type@^1.0.1:
    version "1.2.0"
    resolved "https://registry.yarnpkg.com/type/-/type-1.2.0.tgz#848dd7698dafa3e54a6c479e759c4bc3f18847a0"
    integrity sha512-+5nt5AAniqsCnu2cEQQdpzCAh33kVx8n0VoFidKpB1dVVLAN/F+bgVOqOJqOnEnrhp222clB5p3vUlD+1QAnfg==
  
  type@^2.0.0:
    version "2.5.0"
    resolved "https://registry.yarnpkg.com/type/-/type-2.5.0.tgz#0a2e78c2e77907b252abe5f298c1b01c63f0db3d"
    integrity sha512-180WMDQaIMm3+7hGXWf12GtdniDEy7nYcyFMKJn/eZz/6tSLXrUN9V0wKSbMjej0I1WHWbpREDEKHtqPQa9NNw==
  
  typedarray-to-buffer@^3.1.5:
    version "3.1.5"
    resolved "https://registry.yarnpkg.com/typedarray-to-buffer/-/typedarray-to-buffer-3.1.5.tgz#a97ee7a9ff42691b9f783ff1bc5112fe3fca9080"
    integrity sha512-zdu8XMNEDepKKR+XYOXAVPtWui0ly0NtohUscw+UmaHiAWT8hrV1rr//H6V+0DvJ3OQ19S979M0laLfX8rm82Q==
    dependencies:
      is-typedarray "^1.0.0"
  
  utf-8-validate@^5.0.2:
    version "5.0.4"
    resolved "https://registry.yarnpkg.com/utf-8-validate/-/utf-8-validate-5.0.4.tgz#72a1735983ddf7a05a43a9c6b67c5ce1c910f9b8"
    integrity sha512-MEF05cPSq3AwJ2C7B7sHAA6i53vONoZbMGX8My5auEVm6W+dJ2Jd/TZPyGJ5CH42V2XtbI5FD28HeHeqlPzZ3Q==
    dependencies:
      node-gyp-build "^4.2.0"
  
  websocket@^1.0.34:
    version "1.0.34"
    resolved "https://registry.yarnpkg.com/websocket/-/websocket-1.0.34.tgz#2bdc2602c08bf2c82253b730655c0ef7dcab3111"
    integrity sha512-PRDso2sGwF6kM75QykIesBijKSVceR6jL2G8NGYyq2XrItNC2P5/qL5XeR056GhA+Ly7JMFvJb9I312mJfmqnQ==
    dependencies:
      bufferutil "^4.0.1"
      debug "^2.2.0"
      es5-ext "^0.10.50"
      typedarray-to-buffer "^3.1.5"
      utf-8-validate "^5.0.2"
      yaeti "^0.0.6"
  
  ws@^7.4.3:
    version "7.4.5"
    resolved "https://registry.yarnpkg.com/ws/-/ws-7.4.5.tgz#a484dd851e9beb6fdb420027e3885e8ce48986c1"
    integrity sha512-xzyu3hFvomRfXKH8vOFMU3OguG6oOvhXMo3xsGy3xWExqaM2dxBbVxuD99O7m3ZUFMvvscsZDqxfgMaRr/Nr1g==
  
  yaeti@^0.0.6:
    version "0.0.6"
    resolved "https://registry.yarnpkg.com/yaeti/-/yaeti-0.0.6.tgz#f26f484d72684cf42bedfb76970aa1608fbf9577"
    integrity sha1-8m9ITXJoTPQr7ft2lwqhYI+/lXc=
